[debug] [2022-05-04T23:34:01.651Z] ----------------------------------------------------------------------
[debug] [2022-05-04T23:34:01.653Z] Command:       /usr/local/bin/node /usr/local/bin/firebase deploy
[debug] [2022-05-04T23:34:01.653Z] CLI Version:   10.5.0
[debug] [2022-05-04T23:34:01.653Z] Platform:      darwin
[debug] [2022-05-04T23:34:01.653Z] Node Version:  v17.5.0
[debug] [2022-05-04T23:34:01.659Z] Time:          Wed May 04 2022 18:34:01 GMT-0500 (Central Daylight Time)
[debug] [2022-05-04T23:34:01.660Z] ----------------------------------------------------------------------
[debug] 
[debug] [2022-05-04T23:34:01.662Z] >>> [apiv2][query] GET https://firebase-public.firebaseio.com/cli.json [none]
[debug] [2022-05-04T23:34:01.781Z] > command requires scopes: ["email","openid","https://www.googleapis.com/auth/cloudplatformprojects.readonly","https://www.googleapis.com/auth/firebase","https://www.googleapis.com/auth/cloud-platform"]
[debug] [2022-05-04T23:34:01.782Z] > authorizing via signed-in user (dlsotir@gmail.com)
[debug] [2022-05-04T23:34:01.782Z] [iam] checking project holler-8e6d5 for permissions ["firebase.projects.get","firebasehosting.sites.update"]
[debug] [2022-05-04T23:34:01.782Z] > refreshing access token with scopes: []
[debug] [2022-05-04T23:34:01.783Z] >>> HTTP REQUEST POST https://www.googleapis.com/oauth2/v3/token  
 <request body omitted>
[debug] [2022-05-04T23:34:01.898Z] <<< HTTP RESPONSE 200 {"pragma":"no-cache","expires":"Mon, 01 Jan 1990 00:00:00 GMT","date":"Wed, 04 May 2022 23:34:01 GMT","cache-control":"no-cache, no-store, max-age=0, must-revalidate","content-type":"application/json; charset=utf-8","vary":"X-Origin, Referer, Origin,Accept-Encoding","server":"scaffolding on HTTPServer2","x-xss-protection":"0","x-frame-options":"SAMEORIGIN","x-content-type-options":"nosniff","alt-svc":"h3=\":443\"; ma=2592000,h3-29=\":443\"; ma=2592000,h3-Q050=\":443\"; ma=2592000,h3-Q046=\":443\"; ma=2592000,h3-Q043=\":443\"; ma=2592000,quic=\":443\"; ma=2592000; v=\"46,43\"","accept-ranges":"none","transfer-encoding":"chunked"}
[debug] [2022-05-04T23:34:01.951Z] >>> [apiv2][query] POST https://cloudresourcemanager.googleapis.com/v1/projects/holler-8e6d5:testIamPermissions [none]
[debug] [2022-05-04T23:34:01.952Z] >>> [apiv2][body] POST https://cloudresourcemanager.googleapis.com/v1/projects/holler-8e6d5:testIamPermissions {"permissions":["firebase.projects.get","firebasehosting.sites.update"]}
[debug] [2022-05-04T23:34:01.961Z] <<< [apiv2][status] GET https://firebase-public.firebaseio.com/cli.json 200
[debug] [2022-05-04T23:34:01.961Z] <<< [apiv2][body] GET https://firebase-public.firebaseio.com/cli.json {"cloudBuildErrorAfter":1594252800000,"cloudBuildWarnAfter":1590019200000,"defaultNode10After":1594252800000,"minVersion":"3.0.5","node8DeploysDisabledAfter":1613390400000,"node8RuntimeDisabledAfter":1615809600000,"node8WarnAfter":1600128000000}
[debug] [2022-05-04T23:34:02.182Z] <<< [apiv2][status] POST https://cloudresourcemanager.googleapis.com/v1/projects/holler-8e6d5:testIamPermissions 200
[debug] [2022-05-04T23:34:02.182Z] <<< [apiv2][body] POST https://cloudresourcemanager.googleapis.com/v1/projects/holler-8e6d5:testIamPermissions {}
[debug] [2022-05-04T23:34:02.183Z] [iam] error while checking permissions, command may fail: FirebaseError: Authorization failed. This account is missing the following required permissions on project holler-8e6d5:

  firebase.projects.get
  firebasehosting.sites.update
[debug] [2022-05-04T23:34:02.184Z] >>> [apiv2][query] GET https://firebase.googleapis.com/v1beta1/projects/holler-8e6d5 [none]
[debug] [2022-05-04T23:34:02.566Z] <<< [apiv2][status] GET https://firebase.googleapis.com/v1beta1/projects/holler-8e6d5 403
[debug] [2022-05-04T23:34:02.566Z] <<< [apiv2][body] GET https://firebase.googleapis.com/v1beta1/projects/holler-8e6d5 {"error":{"code":403,"message":"The caller does not have permission","status":"PERMISSION_DENIED"}}
[debug] [2022-05-04T23:34:02.567Z] HTTP Error: 403, The caller does not have permission
[debug] [2022-05-04T23:34:02.627Z] FirebaseError: HTTP Error: 403, The caller does not have permission
    at module.exports (/usr/local/lib/node_modules/firebase-tools/lib/responseToError.js:47:12)
    at RetryOperation._fn (/usr/local/lib/node_modules/firebase-tools/lib/apiv2.js:286:39)
    at processTicksAndRejections (node:internal/process/task_queues:96:5)
[error] 
[error] Error: Failed to get Firebase project holler-8e6d5. Please make sure the project exists and your account has permission to access it.
